
> bitki-rehberi@0.1.0 build
> next build

   ▲ Next.js 16.0.8 (Turbopack)

   Creating an optimized production build ...
 ✓ Compiled successfully in 1066.1ms
   Running TypeScript ...
   Collecting page data using 15 workers ...
   Generating static pages using 15 workers (0/6) ...
   Generating static pages using 15 workers (1/6) 
   Generating static pages using 15 workers (2/6) 
   Generating static pages using 15 workers (4/6) 
 ✓ Generating static pages using 15 workers (6/6) in 538.2ms
   Finalizing page optimization ...

Route (app)
┌ ○ /
├ ○ /_not-found
├ ○ /bitkiler
├ ƒ /bitkiler/[id]
├ ○ /privacy
└ ○ /terms


○  (Static)   prerendered as static content
ƒ  (Dynamic)  server-rendered on demand

