
> bitki-rehberi@0.1.0 build
> next build

   ▲ Next.js 16.0.8 (Turbopack)

   Creating an optimized production build ...
 ✓ Compiled successfully in 1049.0ms
   Running TypeScript ...
   Collecting page data using 15 workers ...
   Generating static pages using 15 workers (0/7) ...
   Generating static pages using 15 workers (1/7) 
   Generating static pages using 15 workers (3/7) 
   Generating static pages using 15 workers (5/7) 
 ✓ Generating static pages using 15 workers (7/7) in 526.3ms
   Finalizing page optimization ...

Route (app)
┌ ○ /
├ ○ /_not-found
├ ƒ /api/detail/[id]
├ ƒ /api/plants
├ ○ /bitkiler
├ ƒ /bitkiler/[id]
├ ○ /privacy
└ ○ /terms


○  (Static)   prerendered as static content
ƒ  (Dynamic)  server-rendered on demand

