
> bitki-rehberi@0.1.0 build
> next build

   ▲ Next.js 16.0.8 (Turbopack)
   - Experiments (use with caution):
     · cpus: 1

   Creating an optimized production build ...
 ✓ Compiled successfully in 1119.7ms
   Running TypeScript ...
   Collecting page data using 1 worker ...
   Generating static pages using 1 worker (0/6) ...

<--- Last few GCs --->

[23728:0x1fb28000]    11639 ms: Scavenge (interleaved) 2036.6 (2054.8) -> 2032.9 (2062.3) MB, pooled: 0 MB, 1.94 / 0.00 ms  (average mu = 0.251, current mu = 0.200) allocation failure; 
[23728:0x1fb28000]    11983 ms: Mark-Compact (reduce) 2043.2 (2065.2) -> 2031.6 (2047.1) MB, pooled: 0 MB, 81.77 / 0.00 ms  (+ 245.6 ms in 120 steps since start of marking, biggest step 7.6 ms, walltime since start of marking 344 ms) (average mu = 0.202, 
FATAL ERROR: Ineffective mark-compacts near heap limit Allocation failed - JavaScript heap out of memory
----- Native stack trace -----

 1: 0x72ded8 node::OOMErrorHandler(char const*, v8::OOMDetails const&) [/home/admin/.nvm/versions/node/v24.12.0/bin/node]
 2: 0xba1870  [/home/admin/.nvm/versions/node/v24.12.0/bin/node]
 3: 0xba195f  [/home/admin/.nvm/versions/node/v24.12.0/bin/node]
 4: 0xe3a495  [/home/admin/.nvm/versions/node/v24.12.0/bin/node]
 5: 0xe3a4c2  [/home/admin/.nvm/versions/node/v24.12.0/bin/node]
 6: 0xe3a7ba  [/home/admin/.nvm/versions/node/v24.12.0/bin/node]
 7: 0xe4acda  [/home/admin/.nvm/versions/node/v24.12.0/bin/node]
 8: 0xe4f080  [/home/admin/.nvm/versions/node/v24.12.0/bin/node]
 9: 0x18e2041  [/home/admin/.nvm/versions/node/v24.12.0/bin/node]
 ⨯ Next.js build worker exited with code: null and signal: SIGABRT
