
> bitki-rehberi@0.1.0 build
> next build

   ▲ Next.js 16.0.8 (Turbopack)

   Creating an optimized production build ...
 ✓ Compiled successfully in 1125.9ms
   Running TypeScript ...
   Collecting page data using 15 workers ...
   Generating static pages using 15 workers (0/6) ...

<--- Last few GCs --->

[22303:0x12782000]    12688 ms: Scavenge (interleaved) 2038.4 (2056.2) -> 2034.8 (2063.7) MB, pooled: 0 MB, 1.87 / 0.00 ms  (average mu = 0.255, current mu = 0.192) allocation failure; 
[22303:0x12782000]    12999 ms: Mark-Compact (reduce) 2045.0 (2066.8) -> 2034.4 (2050.6) MB, pooled: 0 MB, 280.07 / 0.00 ms  (+ 15.6 ms in 119 steps since start of marking, biggest step 4.5 ms, walltime since start of marking 310 ms) (average mu = 0.210, 
FATAL ERROR: Ineffective mark-compacts near heap limit Allocation failed - JavaScript heap out of memory
----- Native stack trace -----

 1: 0x72ded8 node::OOMErrorHandler(char const*, v8::OOMDetails const&) [/home/admin/.nvm/versions/node/v24.12.0/bin/node]
 2: 0xba1870  [/home/admin/.nvm/versions/node/v24.12.0/bin/node]
 3: 0xba195f  [/home/admin/.nvm/versions/node/v24.12.0/bin/node]
 4: 0xe3a495  [/home/admin/.nvm/versions/node/v24.12.0/bin/node]
 5: 0xe3a4c2  [/home/admin/.nvm/versions/node/v24.12.0/bin/node]
 6: 0xe3a7ba  [/home/admin/.nvm/versions/node/v24.12.0/bin/node]
 7: 0xe4acda  [/home/admin/.nvm/versions/node/v24.12.0/bin/node]
 8: 0xe4f080  [/home/admin/.nvm/versions/node/v24.12.0/bin/node]
 9: 0x18e2041  [/home/admin/.nvm/versions/node/v24.12.0/bin/node]
 ⨯ Next.js build worker exited with code: null and signal: SIGABRT
