
> bitki-rehberi@0.1.0 build
> next build

   ▲ Next.js 16.0.8 (Turbopack)

   Creating an optimized production build ...
 ✓ Compiled successfully in 1139.6ms
   Running TypeScript ...
   Collecting page data using 15 workers ...
   Generating static pages using 15 workers (0/6) ...

<--- Last few GCs --->

[23344:0x14943000]    12625 ms: Scavenge (interleaved) 2038.4 (2058.7) -> 2034.6 (2066.3) MB, pooled: 0 MB, 1.87 / 0.00 ms  (average mu = 0.242, current mu = 0.201) allocation failure; 
[23344:0x14943000]    12949 ms: Mark-Compact (reduce) 2045.1 (2069.2) -> 2034.4 (2053.3) MB, pooled: 0 MB, 174.53 / 0.00 ms  (+ 132.6 ms in 126 steps since start of marking, biggest step 6.5 ms, walltime since start of marking 323 ms) (average mu = 0.202,
FATAL ERROR: Ineffective mark-compacts near heap limit Allocation failed - JavaScript heap out of memory
----- Native stack trace -----

 1: 0x72ded8 node::OOMErrorHandler(char const*, v8::OOMDetails const&) [/home/admin/.nvm/versions/node/v24.12.0/bin/node]
 2: 0xba1870  [/home/admin/.nvm/versions/node/v24.12.0/bin/node]
 3: 0xba195f  [/home/admin/.nvm/versions/node/v24.12.0/bin/node]
 4: 0xe3a495  [/home/admin/.nvm/versions/node/v24.12.0/bin/node]
 5: 0xe3a4c2  [/home/admin/.nvm/versions/node/v24.12.0/bin/node]
 6: 0xe3a7ba  [/home/admin/.nvm/versions/node/v24.12.0/bin/node]
 7: 0xe4acda  [/home/admin/.nvm/versions/node/v24.12.0/bin/node]
 8: 0xe4f080  [/home/admin/.nvm/versions/node/v24.12.0/bin/node]
 9: 0x18e2041  [/home/admin/.nvm/versions/node/v24.12.0/bin/node]
 ⨯ Next.js build worker exited with code: null and signal: SIGABRT
